<?xml version="1.0" encoding="UTF-8"?>
<!-- Generated by org.testng.reporters.JUnitReportReporter -->
<testsuite hostname="DESKTOP-9841J3A" failures="0" tests="3" name="com.store.testcases.TC_MyAccountPage" time="30.922" errors="0" timestamp="2023-10-14T10:46:02 IST" skipped="1">
  <testcase classname="com.store.testcases.TC_MyAccountPage" name="verifyLogin" time="14.921"/>
  <system-out/>
  <testcase classname="com.store.testcases.TC_MyAccountPage" name="verifyLogin" time="16.001"/>
  <system-out/>
  <testcase classname="com.store.testcases.TC_MyAccountPage" name="verifyRegistration">
    <skipped/>
  </testcase> <!-- verifyRegistration -->
  <system-out/>
</testsuite> <!-- com.store.testcases.TC_MyAccountPage -->
