<?xml version="1.0" encoding="UTF-8"?>
<!-- Generated by org.testng.reporters.JUnitReportReporter -->
<testsuite hostname="DESKTOP-5CUUGB6" failures="0" tests="3" name="com.store.testcases.MyAccountPage" time="26.497" errors="0" timestamp="2023-10-12T11:31:16 IST" skipped="1">
  <testcase classname="com.store.testcases.MyAccountPage" name="verifyLogin" time="13.069"/>
  <system-out/>
  <testcase classname="com.store.testcases.MyAccountPage" name="verifyLogin" time="13.428"/>
  <system-out/>
  <testcase classname="com.store.testcases.MyAccountPage" name="verifyRegistration">
    <skipped/>
  </testcase> <!-- verifyRegistration -->
  <system-out/>
</testsuite> <!-- com.store.testcases.MyAccountPage -->
