<?xml version="1.0" encoding="UTF-8"?>
<!-- Generated by org.testng.reporters.JUnitReportReporter -->
<testsuite hostname="DESKTOP-9841J3A" failures="0" tests="2" name="com.store.testcases.TC_ProductPurchase" time="11.504" errors="0" timestamp="2023-10-14T17:07:00 IST" skipped="0">
  <testcase classname="com.store.testcases.TC_ProductPurchase" name="verifySearchProduct" time="7.268"/>
  <system-out/>
  <testcase classname="com.store.testcases.TC_ProductPurchase" name="BuyProduct" time="4.236"/>
  <system-out/>
</testsuite> <!-- com.store.testcases.TC_ProductPurchase -->
